build/app/outputs/mapping/release/seeds.txt
com.example.client_data.MainActivity
com.example.client_data.MainActivity: MainActivity()
...
com.google.android.gms.measurement.internal.zzfp: java.lang.String zza(java.lang.String,java.lang.String)
com.google.firebase.auth.FirebaseAuth: com.google.android.gms.tasks.Task fetchSignInMethodsForEmail(java.lang.String)
com.google.firebase.firestore.remote.GrpcCallProvider: void shutdown()
com.google.firebase.firestore.remote.AbstractStream: void access$300(com.google.firebase.firestore.remote.AbstractStream)
io.grpc.internal.ManagedChannelServiceConfig: java.util.Map getServiceMap()
com.google.android.gms.internal.firebase_auth.zzdy: zzdy(com.google.firebase.auth.PhoneMultiFactorInfo,java.lang.String,java.lang.String,long,boolean,boolean)
com.google.firebase.firestore.model.DocumentKey: java.lang.String toString()
com.google.android.gms.measurement.internal.zzy: com.google.android.gms.measurement.internal.zzy zzs()
com.google.firebase.firestore.local.SQLiteLruReferenceDelegate$$Lambda$2: void accept(java.lang.Object)
com.google.android.gms.internal.firebase_auth.zzfq: boolean zzi()
androidx.fragment.app.FragmentTransitionImpl: void setNameOverridesOrdered(android.view.View,java.util.ArrayList,java.util.Map)
io.grpc.StatusRuntimeException: StatusRuntimeException(io.grpc.Status,io.grpc.Metadata)
io.flutter.plugin.editing.ImeSyncDeferringInsetsCallback: android.view.View$OnApplyWindowInsetsListener getInsetsListener()
com.google.android.gms.tasks.Task: com.google.android.gms.tasks.Task continueWithTask(java.util.concurrent.Executor,com.google.android.gms.tasks.Continuation)
com.google.firebase.storage.network.ResumableUploadStartRequest: android.net.Uri getURL()
io.grpc.internal.StatsTraceContext: void outboundMessage(int)
okio.Buffer$1: void close()
com.google.android.gms.internal.measurement.zzcd$zzg: java.lang.String zzs()
com.google.android.gms.measurement.internal.zzke: com.google.android.gms.common.util.Clock zzl()
androidx.fragment.app.Fragment: android.view.LayoutInflater getLayoutInflater(android.os.Bundle)
com.google.firebase.firestore.remote.RemoteSerializer: com.google.firestore.v1.Document encodeDocument(com.google.firebase.firestore.model.DocumentKey,com.google.firebase.firestore.model.ObjectValue)
androidx.fragment.app.FragmentTransitionImpl$1: void run()
com.google.android.gms.common.internal.GmsLogger: void v(java.lang.String,java.lang.String)
com.google.android.gms.internal.measurement.zzfi: com.google.android.gms.internal.measurement.zzfj zza()
io.grpc.Attributes: java.util.Map access$100(io.grpc.Attributes)
com.google.android.gms.common.util.PlatformVersion: boolean isAtLeastIceCreamSandwich()
com.google.android.gms.measurement.internal.zzgf: zzgf(com.google.android.gms.measurement.internal.zzfw,com.google.android.gms.measurement.internal.zzn,java.lang.String,java.lang.String)
io.flutter.embedding.engine.systemchannels.TextInputChannel: java.util.HashMap createEditingStateJSON(java.lang.String,int,int,int,int)
com.google.android.gms.internal.measurement.zzpd: java.lang.Object zza()
io.grpc.LoadBalancerProvider: int hashCode()
io.flutter.plugins.firebase.auth.FlutterFirebaseAuthPluginException: io.flutter.plugins.firebase.auth.FlutterFirebaseAuthPluginException noUser()
com.google.android.gms.measurement.internal.zzg: void zzz()
com.google.android.gms.internal.firebase_auth.zzdu: zzdu(com.google.firebase.auth.PhoneAuthCredential,java.lang.String)
io.grpc.Context$CancellableContext: void close()
com.google.android.gms.measurement.internal.zzki: void zza(com.google.android.gms.internal.measurement.zzcd$zzc$zza,int,java.lang.String)
com.google.firebase.firestore.proto.Target$Builder: com.google.firebase.firestore.proto.Target$Builder setQuery(com.google.firestore.v1.Target$QueryTarget)
com.google.android.gms.internal.firebase_auth.zzfi: zzfi()
com.google.firebase.firestore.DocumentChange$Type: DocumentChange$Type(java.lang.String,int)
com.google.firebase.firestore.Query: void validateDisjunctiveFilterElements(java.lang.Object,com.google.firebase.firestore.core.Filter$Operator)