build/app/outputs/mapping/release/mapping.txt
# compiler: R8
# compiler_version: 2.2.66
# min_api: 16
# pg_map_id: 0ee12bb
# common_typos_disable
...
com.google.firebase.firestore.local.LocalStore$AllocateQueryHolder -> com.google.firebase.firestore.t0.t$b:
    com.google.firebase.firestore.local.TargetData cached -> a
    int targetId -> b
com.google.firebase.firestore.local.LocalViewChanges -> com.google.firebase.firestore.t0.u:
    com.google.firebase.database.collection.ImmutableSortedSet removed -> d
    boolean fromCache -> b
    com.google.firebase.database.collection.ImmutableSortedSet added -> c
    int targetId -> a
    com.google.firebase.firestore.local.LocalViewChanges fromViewSnapshot(int,com.google.firebase.firestore.core.ViewSnapshot) -> a
    com.google.firebase.database.collection.ImmutableSortedSet getAdded() -> b
    com.google.firebase.database.collection.ImmutableSortedSet getRemoved() -> c
    int getTargetId() -> d
    boolean isFromCache() -> e
com.google.firebase.firestore.local.LocalViewChanges$1 -> com.google.firebase.firestore.t0.u$a:
    int[] $SwitchMap$com$google$firebase$firestore$core$DocumentViewChange$Type -> a
com.google.firebase.firestore.local.LocalWriteResult -> com.google.firebase.firestore.t0.v:
    com.google.firebase.database.collection.ImmutableSortedMap changes -> b
    int batchId -> a
    int getBatchId() -> a
    com.google.firebase.database.collection.ImmutableSortedMap getChanges() -> b
com.google.firebase.firestore.local.LruDelegate -> com.google.firebase.firestore.t0.w:
    long getByteSize() -> a
    long getSequenceNumberCount() -> c
    void forEachOrphanedDocumentSequenceNumber(com.google.firebase.firestore.util.Consumer) -> d
    int removeTargets(long,android.util.SparseArray) -> e
    void forEachTarget(com.google.firebase.firestore.util.Consumer) -> g
    int removeOrphanedDocuments(long) -> i
    com.google.firebase.firestore.local.LruGarbageCollector getGarbageCollector() -> m
com.google.firebase.firestore.local.LruGarbageCollector -> com.google.firebase.firestore.t0.z:
    com.google.firebase.firestore.local.LruGarbageCollector$Params params -> d
    com.google.firebase.firestore.local.LruDelegate delegate -> c
    long REGULAR_GC_DELAY_MS -> b
    long INITIAL_GC_DELAY_MS -> a
    com.google.firebase.firestore.local.LruGarbageCollector$Params access$000(com.google.firebase.firestore.local.LruGarbageCollector) -> a
    long access$100() -> b
    long access$200() -> c
    int calculateQueryCount(int) -> d
    com.google.firebase.firestore.local.LruGarbageCollector$Results collect(android.util.SparseArray) -> e
    long getByteSize() -> f
    long getNthSequenceNumber(int) -> g
    void lambda$getNthSequenceNumber$0(com.google.firebase.firestore.local.LruGarbageCollector$RollingSequenceNumberBuffer,com.google.firebase.firestore.local.TargetData) -> h
    com.google.firebase.firestore.local.LruGarbageCollector$Scheduler newScheduler(com.google.firebase.firestore.util.AsyncQueue,com.google.firebase.firestore.local.LocalStore) -> i
    int removeOrphanedDocuments(long) -> j
    int removeTargets(long,android.util.SparseArray) -> k
    com.google.firebase.firestore.local.LruGarbageCollector$Results runGarbageCollection(android.util.SparseArray) -> l
com.google.firebase.firestore.local.LruGarbageCollector$$Lambda$1 -> com.google.firebase.firestore.t0.x:
    com.google.firebase.firestore.local.LruGarbageCollector$RollingSequenceNumberBuffer arg$1 -> a
    void accept(java.lang.Object) -> a
    com.google.firebase.firestore.util.Consumer lambdaFactory$(com.google.firebase.firestore.local.LruGarbageCollector$RollingSequenceNumberBuffer) -> b
com.google.firebase.firestore.local.LruGarbageCollector$$Lambda$2 -> com.google.firebase.firestore.t0.y:
    com.google.firebase.firestore.local.LruGarbageCollector$RollingSequenceNumberBuffer arg$1 -> a
    void accept(java.lang.Object) -> a
    com.google.firebase.firestore.util.Consumer lambdaFactory$(com.google.firebase.firestore.local.LruGarbageCollector$RollingSequenceNumberBuffer) -> b