build/app/outputs/mapping/release/usage.txt
com.example.client_data.BuildConfig
com.example.client_data.R$attr
com.example.client_data.R$color
com.example.client_data.R$dimen
com.example.client_data.R$drawable
com.example.client_data.R$id
com.example.client_data.R$integer
com.example.client_data.R$layout
com.example.client_data.R$mipmap
com.example.client_data.R$string
com.example.client_data.R$style
com.example.client_data.R$styleable
com.example.client_data.R
...
com.google.firebase.firestore.model.DocumentCollections:
    public void <init>()
com.google.firebase.firestore.model.DocumentKey:
    public static final java.lang.String KEY_FIELD_NAME
    public static com.google.firebase.firestore.model.DocumentKey fromPathString(java.lang.String)
com.google.firebase.firestore.model.DocumentSet:
    public boolean contains(com.google.firebase.firestore.model.DocumentKey)
    public com.google.firebase.firestore.model.Document getPredecessor(com.google.firebase.firestore.model.DocumentKey)
    public java.util.List toList()
com.google.firebase.firestore.model.ObjectValue:
    public com.google.firestore.v1.Value getProto()
com.google.firebase.firestore.model.ServerTimestamps:
    private static final java.lang.String LOCAL_WRITE_TIME_KEY
    private static final java.lang.String PREVIOUS_VALUE_KEY
    private static final java.lang.String SERVER_TIMESTAMP_SENTINEL
    private static final java.lang.String TYPE_KEY
    private void <init>()
com.google.firebase.firestore.model.Values:
    public static final int TYPE_ORDER_ARRAY
    public static final int TYPE_ORDER_BLOB
    public static final int TYPE_ORDER_BOOLEAN
    public static final int TYPE_ORDER_GEOPOINT
    public static final int TYPE_ORDER_MAP
    public static final int TYPE_ORDER_NULL
    public static final int TYPE_ORDER_NUMBER
    public static final int TYPE_ORDER_REFERENCE
    public static final int TYPE_ORDER_SERVER_TIMESTAMP
    public static final int TYPE_ORDER_STRING
    public static final int TYPE_ORDER_TIMESTAMP
    public void <init>()
com.google.firebase.firestore.model.mutation.MutationBatch:
    public static final int UNKNOWN
com.google.firebase.firestore.model.mutation.package-info
com.google.firebase.firestore.model.package-info
com.google.firebase.firestore.proto.MaybeDocument$Builder:
    public com.google.firebase.firestore.proto.MaybeDocument$Builder clearDocument()
    public com.google.firebase.firestore.proto.MaybeDocument$Builder clearDocumentType()
    public com.google.firebase.firestore.proto.MaybeDocument$Builder clearHasCommittedMutations()
    public com.google.firebase.firestore.proto.MaybeDocument$Builder clearNoDocument()
    public com.google.firebase.firestore.proto.MaybeDocument$Builder clearUnknownDocument()
    public com.google.firestore.v1.Document getDocument()
    public com.google.firebase.firestore.proto.MaybeDocument$DocumentTypeCase getDocumentTypeCase()
    public boolean getHasCommittedMutations()
    public com.google.firebase.firestore.proto.NoDocument getNoDocument()
    public com.google.firebase.firestore.proto.UnknownDocument getUnknownDocument()
    public boolean hasDocument()
    public boolean hasNoDocument()
    public boolean hasUnknownDocument()
    public com.google.firebase.firestore.proto.MaybeDocument$Builder mergeDocument(com.google.firestore.v1.Document)
    public com.google.firebase.firestore.proto.MaybeDocument$Builder mergeNoDocument(com.google.firebase.firestore.proto.NoDocument)
    public com.google.firebase.firestore.proto.MaybeDocument$Builder mergeUnknownDocument(com.google.firebase.firestore.proto.UnknownDocument)
    public com.google.firebase.firestore.proto.MaybeDocument$Builder setDocument(com.google.firestore.v1.Document$Builder)
com.google.firebase.firestore.proto.MaybeDocument$DocumentTypeCase:
    public int getNumber()
    public static com.google.firebase.firestore.proto.MaybeDocument$DocumentTypeCase valueOf(int)